Loading data...
Adding features (RSI, log-volume, HL-range, log-ret)...
Subsampled to 100 tickers
Splitting train/test per ticker with embargo...
Train rows: 340,243 | Test rows: 85,168

Building CV folds...
CV folds: 3

=== Fold 1/3 ===
22:38:16 - cmdstanpy - INFO - Chain [1] start processing
22:38:17 - cmdstanpy - INFO - Chain [1] done processing
22:38:18 - cmdstanpy - INFO - Chain [1] start processing
22:38:19 - cmdstanpy - INFO - Chain [1] done processing
22:38:19 - cmdstanpy - INFO - Chain [1] start processing
22:38:20 - cmdstanpy - INFO - Chain [1] done processing
22:38:21 - cmdstanpy - INFO - Chain [1] start processing
22:38:21 - cmdstanpy - INFO - Chain [1] done processing
22:38:22 - cmdstanpy - INFO - Chain [1] start processing
22:38:23 - cmdstanpy - INFO - Chain [1] done processing
22:38:23 - cmdstanpy - INFO - Chain [1] start processing
22:38:25 - cmdstanpy - INFO - Chain [1] done processing
22:38:25 - cmdstanpy - INFO - Chain [1] start processing
22:38:27 - cmdstanpy - INFO - Chain [1] done processing
22:38:27 - cmdstanpy - INFO - Chain [1] start processing
22:38:29 - cmdstanpy - INFO - Chain [1] done processing
22:38:30 - cmdstanpy - INFO - Chain [1] start processing
22:38:31 - cmdstanpy - INFO - Chain [1] done processing
22:38:31 - cmdstanpy - INFO - Chain [1] start processing
22:38:33 - cmdstanpy - INFO - Chain [1] done processing
22:38:33 - cmdstanpy - INFO - Chain [1] start processing
22:38:33 - cmdstanpy - INFO - Chain [1] done processing
22:38:34 - cmdstanpy - INFO - Chain [1] start processing
22:38:35 - cmdstanpy - INFO - Chain [1] done processing
22:38:36 - cmdstanpy - INFO - Chain [1] start processing
22:38:38 - cmdstanpy - INFO - Chain [1] done processing
22:38:39 - cmdstanpy - INFO - Chain [1] start processing
22:38:41 - cmdstanpy - INFO - Chain [1] done processing
22:38:42 - cmdstanpy - INFO - Chain [1] start processing
22:38:43 - cmdstanpy - INFO - Chain [1] done processing
22:38:43 - cmdstanpy - INFO - Chain [1] start processing
22:38:45 - cmdstanpy - INFO - Chain [1] done processing
22:38:47 - cmdstanpy - INFO - Chain [1] start processing
22:38:53 - cmdstanpy - INFO - Chain [1] done processing
22:38:54 - cmdstanpy - INFO - Chain [1] start processing
22:38:58 - cmdstanpy - INFO - Chain [1] done processing
22:39:00 - cmdstanpy - INFO - Chain [1] start processing
22:39:06 - cmdstanpy - INFO - Chain [1] done processing
22:39:08 - cmdstanpy - INFO - Chain [1] start processing
22:39:18 - cmdstanpy - INFO - Chain [1] done processing
  Processed 20/100 tickers
22:39:20 - cmdstanpy - INFO - Chain [1] start processing
22:39:26 - cmdstanpy - INFO - Chain [1] done processing
22:39:27 - cmdstanpy - INFO - Chain [1] start processing
22:39:31 - cmdstanpy - INFO - Chain [1] done processing
22:39:34 - cmdstanpy - INFO - Chain [1] start processing
22:39:37 - cmdstanpy - INFO - Chain [1] done processing
22:39:38 - cmdstanpy - INFO - Chain [1] start processing
22:39:47 - cmdstanpy - INFO - Chain [1] done processing
22:39:48 - cmdstanpy - INFO - Chain [1] start processing
22:39:52 - cmdstanpy - INFO - Chain [1] done processing
22:39:54 - cmdstanpy - INFO - Chain [1] start processing
22:39:58 - cmdstanpy - INFO - Chain [1] done processing
22:40:00 - cmdstanpy - INFO - Chain [1] start processing
22:40:05 - cmdstanpy - INFO - Chain [1] done processing
22:40:07 - cmdstanpy - INFO - Chain [1] start processing
22:40:10 - cmdstanpy - INFO - Chain [1] done processing
22:40:13 - cmdstanpy - INFO - Chain [1] start processing
22:40:25 - cmdstanpy - INFO - Chain [1] done processing
22:40:27 - cmdstanpy - INFO - Chain [1] start processing
22:40:32 - cmdstanpy - INFO - Chain [1] done processing
22:40:34 - cmdstanpy - INFO - Chain [1] start processing
22:40:39 - cmdstanpy - INFO - Chain [1] done processing
22:40:42 - cmdstanpy - INFO - Chain [1] start processing
22:40:46 - cmdstanpy - INFO - Chain [1] done processing
22:40:48 - cmdstanpy - INFO - Chain [1] start processing
22:40:54 - cmdstanpy - INFO - Chain [1] done processing
22:40:55 - cmdstanpy - INFO - Chain [1] start processing
22:41:05 - cmdstanpy - INFO - Chain [1] done processing
22:41:06 - cmdstanpy - INFO - Chain [1] start processing
22:41:10 - cmdstanpy - INFO - Chain [1] done processing
22:41:11 - cmdstanpy - INFO - Chain [1] start processing
22:41:15 - cmdstanpy - INFO - Chain [1] done processing
22:41:17 - cmdstanpy - INFO - Chain [1] start processing
22:41:21 - cmdstanpy - INFO - Chain [1] done processing
22:41:24 - cmdstanpy - INFO - Chain [1] start processing
22:41:37 - cmdstanpy - INFO - Chain [1] done processing
22:41:40 - cmdstanpy - INFO - Chain [1] start processing
22:41:45 - cmdstanpy - INFO - Chain [1] done processing
22:41:46 - cmdstanpy - INFO - Chain [1] start processing
22:41:52 - cmdstanpy - INFO - Chain [1] done processing
  Processed 40/100 tickers
22:41:53 - cmdstanpy - INFO - Chain [1] start processing
22:41:57 - cmdstanpy - INFO - Chain [1] done processing
22:41:58 - cmdstanpy - INFO - Chain [1] start processing
22:42:03 - cmdstanpy - INFO - Chain [1] done processing
22:42:05 - cmdstanpy - INFO - Chain [1] start processing
22:42:10 - cmdstanpy - INFO - Chain [1] done processing
22:42:11 - cmdstanpy - INFO - Chain [1] start processing
22:42:16 - cmdstanpy - INFO - Chain [1] done processing
22:42:18 - cmdstanpy - INFO - Chain [1] start processing
